# JRE version: Java(TM) SE Runtime Environment (9.0+11) (build 9.0.4+11)
# Java VM: Java HotSpot(TM) 64-Bit Server VM (9.0.4+11, mixed mode, tiered, compressed oops, g1 gc, windows-amd64)
Heap:
 garbage-first heap   total 157696K, used 79921K [0x0000000700000000, 0x00000007001004d0, 0x00000007c0000000)
  region size 1024K, 8 young (8192K), 1 survivors (1024K)
 Metaspace       used 84811K, capacity 90817K, committed 91056K, reserved 1126400K
  class space    used 12079K, capacity 13107K, committed 13232K, reserved 1048576K
GC Heap History (10 events):
Event: 526.102 GC heap before
{Heap before GC invocations=89 (full 11):
 garbage-first heap   total 157696K, used 131496K [0x0000000700000000, 0x00000007001004d0, 0x00000007c0000000)
  region size 1024K, 60 young (61440K), 1 survivors (1024K)
 Metaspace       used 84743K, capacity 90683K, committed 91056K, reserved 1126400K
  class space    used 12078K, capacity 13106K, committed 13232K, reserved 1048576K
}
Event: 526.106 GC heap after
{Heap after GC invocations=90 (full 11):
 garbage-first heap   total 157696K, used 71186K [0x0000000700000000, 0x00000007001004d0, 0x00000007c0000000)
  region size 1024K, 1 young (1024K), 1 survivors (1024K)
 Metaspace       used 84743K, capacity 90683K, committed 91056K, reserved 1126400K
  class space    used 12078K, capacity 13106K, committed 13232K, reserved 1048576K
}
Event: 527.082 GC heap before
{Heap before GC invocations=91 (full 11):
 garbage-first heap   total 157696K, used 103954K [0x0000000700000000, 0x00000007001004d0, 0x00000007c0000000)
  region size 1024K, 34 young (34816K), 1 survivors (1024K)
 Metaspace       used 84761K, capacity 90753K, committed 91056K, reserved 1126400K
  class space    used 12079K, capacity 13107K, committed 13232K, reserved 1048576K
}
Event: 527.085 GC heap after
{Heap after GC invocations=92 (full 11):
 garbage-first heap   total 157696K, used 71161K [0x0000000700000000, 0x00000007001004d0, 0x00000007c0000000)
  region size 1024K, 1 young (1024K), 1 survivors (1024K)
 Metaspace       used 84761K, capacity 90753K, committed 91056K, reserved 1126400K
  class space    used 12079K, capacity 13107K, committed 13232K, reserved 1048576K
}
Event: 528.699 GC heap before
{Heap before GC invocations=93 (full 11):
 garbage-first heap   total 157696K, used 117241K [0x0000000700000000, 0x00000007001004d0, 0x00000007c0000000)
  region size 1024K, 45 young (46080K), 1 survivors (1024K)
 Metaspace       used 84781K, capacity 90817K, committed 91056K, reserved 1126400K
  class space    used 12079K, capacity 13107K, committed 13232K, reserved 1048576K
}
Event: 528.703 GC heap after
{Heap after GC invocations=94 (full 11):
 garbage-first heap   total 157696K, used 73423K [0x0000000700000000, 0x00000007001004d0, 0x00000007c0000000)
  region size 1024K, 2 young (2048K), 2 survivors (2048K)
 Metaspace       used 84781K, capacity 90817K, committed 91056K, reserved 1126400K
  class space    used 12079K, capacity 13107K, committed 13232K, reserved 1048576K
}
Event: 528.711 GC heap before
{Heap before GC invocations=94 (full 11):
 garbage-first heap   total 157696K, used 75471K [0x0000000700000000, 0x00000007001004d0, 0x00000007c0000000)
  region size 1024K, 3 young (3072K), 2 survivors (2048K)
 Metaspace       used 84782K, capacity 90817K, committed 91056K, reserved 1126400K
  class space    used 12079K, capacity 13107K, committed 13232K, reserved 1048576K
}
Event: 528.881 GC heap after
{Heap after GC invocations=95 (full 12):
 garbage-first heap   total 157696K, used 71187K [0x0000000700000000, 0x00000007001004d0, 0x00000007c0000000)
  region size 1024K, 0 young (0K), 0 survivors (0K)
 Metaspace       used 84782K, capacity 90817K, committed 91056K, reserved 1126400K
  class space    used 12079K, capacity 13107K, committed 13232K, reserved 1048576K
}
Event: 529.957 GC heap before
{Heap before GC invocations=95 (full 12):
 garbage-first heap   total 157696K, used 90643K [0x0000000700000000, 0x00000007001004d0, 0x00000007c0000000)
  region size 1024K, 20 young (20480K), 0 survivors (0K)
 Metaspace       used 84799K, capacity 90817K, committed 91056K, reserved 1126400K
  class space    used 12079K, capacity 13107K, committed 13232K, reserved 1048576K
}
Event: 529.961 GC heap after
{Heap after GC invocations=96 (full 12):
 garbage-first heap   total 157696K, used 71729K [0x0000000700000000, 0x00000007001004d0, 0x00000007c0000000)
  region size 1024K, 1 young (1024K), 1 survivors (1024K)
 Metaspace       used 84799K, capacity 90817K, committed 91056K, reserved 1126400K
  class space    used 12079K, capacity 13107K, committed 13232K, reserved 1048576K
}

