# JRE version: Java(TM) SE Runtime Environment (9.0+11) (build 9.0.4+11)
# Java VM: Java HotSpot(TM) 64-Bit Server VM (9.0.4+11, mixed mode, tiered, compressed oops, g1 gc, windows-amd64)
Heap:
 garbage-first heap   total 157696K, used 95708K [0x0000000700000000, 0x00000007001004d0, 0x00000007c0000000)
  region size 1024K, 30 young (30720K), 2 survivors (2048K)
 Metaspace       used 82891K, capacity 84897K, committed 91984K, reserved 1128448K
  class space    used 10710K, capacity 11143K, committed 12668K, reserved 1048576K
GC Heap History (10 events):
Event: 9362.508 GC heap before
{Heap before GC invocations=741 (full 108):
 garbage-first heap   total 157696K, used 127769K [0x0000000700000000, 0x00000007001004d0, 0x00000007c0000000)
  region size 1024K, 60 young (61440K), 1 survivors (1024K)
 Metaspace       used 82845K, capacity 84897K, committed 91984K, reserved 1128448K
  class space    used 10710K, capacity 11143K, committed 12668K, reserved 1048576K
}
Event: 9362.516 GC heap after
{Heap after GC invocations=742 (full 108):
 garbage-first heap   total 157696K, used 67397K [0x0000000700000000, 0x00000007001004d0, 0x00000007c0000000)
  region size 1024K, 1 young (1024K), 1 survivors (1024K)
 Metaspace       used 82845K, capacity 84897K, committed 91984K, reserved 1128448K
  class space    used 10710K, capacity 11143K, committed 12668K, reserved 1048576K
}
Event: 9375.305 GC heap before
{Heap before GC invocations=742 (full 108):
 garbage-first heap   total 157696K, used 127813K [0x0000000700000000, 0x00000007001004d0, 0x00000007c0000000)
  region size 1024K, 60 young (61440K), 1 survivors (1024K)
 Metaspace       used 82857K, capacity 84897K, committed 91984K, reserved 1128448K
  class space    used 10710K, capacity 11143K, committed 12668K, reserved 1048576K
}
Event: 9375.308 GC heap after
{Heap after GC invocations=743 (full 108):
 garbage-first heap   total 157696K, used 68626K [0x0000000700000000, 0x00000007001004d0, 0x00000007c0000000)
  region size 1024K, 2 young (2048K), 2 survivors (2048K)
 Metaspace       used 82857K, capacity 84897K, committed 91984K, reserved 1128448K
  class space    used 10710K, capacity 11143K, committed 12668K, reserved 1048576K
}
Event: 9375.457 GC heap before
{Heap before GC invocations=743 (full 108):
 garbage-first heap   total 157696K, used 128018K [0x0000000700000000, 0x00000007001004d0, 0x00000007c0000000)
  region size 1024K, 60 young (61440K), 2 survivors (2048K)
 Metaspace       used 82868K, capacity 84897K, committed 91984K, reserved 1128448K
  class space    used 10710K, capacity 11143K, committed 12668K, reserved 1048576K
}
Event: 9375.460 GC heap after
{Heap after GC invocations=744 (full 108):
 garbage-first heap   total 157696K, used 67666K [0x0000000700000000, 0x00000007001004d0, 0x00000007c0000000)
  region size 1024K, 1 young (1024K), 1 survivors (1024K)
 Metaspace       used 82868K, capacity 84897K, committed 91984K, reserved 1128448K
  class space    used 10710K, capacity 11143K, committed 12668K, reserved 1048576K
}
Event: 9378.447 GC heap before
{Heap before GC invocations=744 (full 108):
 garbage-first heap   total 157696K, used 128082K [0x0000000700000000, 0x00000007001004d0, 0x00000007c0000000)
  region size 1024K, 60 young (61440K), 1 survivors (1024K)
 Metaspace       used 82877K, capacity 84897K, committed 91984K, reserved 1128448K
  class space    used 10710K, capacity 11143K, committed 12668K, reserved 1048576K
}
Event: 9378.449 GC heap after
{Heap after GC invocations=745 (full 108):
 garbage-first heap   total 157696K, used 67947K [0x0000000700000000, 0x00000007001004d0, 0x00000007c0000000)
  region size 1024K, 1 young (1024K), 1 survivors (1024K)
 Metaspace       used 82877K, capacity 84897K, committed 91984K, reserved 1128448K
  class space    used 10710K, capacity 11143K, committed 12668K, reserved 1048576K
}
Event: 9380.169 GC heap before
{Heap before GC invocations=745 (full 108):
 garbage-first heap   total 157696K, used 128363K [0x0000000700000000, 0x00000007001004d0, 0x00000007c0000000)
  region size 1024K, 60 young (61440K), 1 survivors (1024K)
 Metaspace       used 82891K, capacity 84897K, committed 91984K, reserved 1128448K
  class space    used 10710K, capacity 11143K, committed 12668K, reserved 1048576K
}
Event: 9380.172 GC heap after
{Heap after GC invocations=746 (full 108):
 garbage-first heap   total 157696K, used 68060K [0x0000000700000000, 0x00000007001004d0, 0x00000007c0000000)
  region size 1024K, 2 young (2048K), 2 survivors (2048K)
 Metaspace       used 82891K, capacity 84897K, committed 91984K, reserved 1128448K
  class space    used 10710K, capacity 11143K, committed 12668K, reserved 1048576K
}

